This file contains any messages produced by compilers while
running configure, to aid debugging if configure makes a mistake.

It was created by NetworkManager configure 0.9.8.2, which was
generated by GNU Autoconf 2.68.  Invocation command line was

  $ ./configure --prefix=/home/lexy/test

## --------- ##
## Platform. ##
## --------- ##

hostname = ubuntu
uname -m = i686
uname -r = 3.2.0-51-generic-pae
uname -s = Linux
uname -v = #77-Ubuntu SMP Wed Jul 24 20:40:32 UTC 2013

/usr/bin/uname -p = unknown
/bin/uname -X     = unknown

/bin/arch              = unknown
/usr/bin/arch -k       = unknown
/usr/convex/getsysinfo = unknown
/usr/bin/hostinfo      = unknown
/bin/machine           = unknown
/usr/bin/oslevel       = unknown
/bin/universe          = unknown

PATH: /usr/lib/lightdm/lightdm
PATH: /usr/local/sbin
PATH: /usr/local/bin
PATH: /usr/sbin
PATH: /usr/bin
PATH: /sbin
PATH: /bin
PATH: /usr/games


## ----------- ##
## Core tests. ##
## ----------- ##

configure:2830: checking for a BSD-compatible install
configure:2898: result: /usr/bin/install -c
configure:2909: checking whether build environment is sane
configure:2959: result: yes
configure:3100: checking for a thread-safe mkdir -p
configure:3139: result: /bin/mkdir -p
configure:3152: checking for gawk
configure:3182: result: no
configure:3152: checking for mawk
configure:3168: found /usr/bin/mawk
configure:3179: result: mawk
configure:3190: checking whether make sets $(MAKE)
configure:3212: result: yes
configure:3287: checking how to create a ustar tar archive
configure:3300: tar --version
tar (GNU tar) 1.26
Copyright (C) 2011 Free Software Foundation, Inc.
License GPLv3+: GNU GPL version 3 or later <http://gnu.org/licenses/gpl.html>.
This is free software: you are free to change and redistribute it.
There is NO WARRANTY, to the extent permitted by law.

Written by John Gilmore and Jay Fenlason.
configure:3303: $? = 0
configure:3343: tardir=conftest.dir && eval tar --format=ustar -chf - "$tardir" >conftest.tar
configure:3346: $? = 0
configure:3350: tar -xf - <conftest.tar
configure:3353: $? = 0
configure:3366: result: gnutar
configure:3374: checking whether to enable maintainer-specific portions of Makefiles
configure:3383: result: yes
configure:3407: checking whether make supports nested variables
configure:3424: result: yes
configure:3448: checking for style of include used by make
configure:3476: result: GNU
configure:3547: checking for gcc
configure:3563: found /usr/bin/gcc
configure:3574: result: gcc
configure:3803: checking for C compiler version
configure:3812: gcc --version >&5
gcc (Ubuntu/Linaro 4.6.3-1ubuntu5) 4.6.3
Copyright (C) 2011 Free Software Foundation, Inc.
This is free software; see the source for copying conditions.  There is NO
warranty; not even for MERCHANTABILITY or FITNESS FOR A PARTICULAR PURPOSE.

configure:3823: $? = 0
configure:3812: gcc -v >&5
Using built-in specs.
COLLECT_GCC=gcc
COLLECT_LTO_WRAPPER=/usr/lib/gcc/i686-linux-gnu/4.6/lto-wrapper
Target: i686-linux-gnu
Configured with: ../src/configure -v --with-pkgversion='Ubuntu/Linaro 4.6.3-1ubuntu5' --with-bugurl=file:///usr/share/doc/gcc-4.6/README.Bugs --enable-languages=c,c++,fortran,objc,obj-c++ --prefix=/usr --program-suffix=-4.6 --enable-shared --enable-linker-build-id --with-system-zlib --libexecdir=/usr/lib --without-included-gettext --enable-threads=posix --with-gxx-include-dir=/usr/include/c++/4.6 --libdir=/usr/lib --enable-nls --with-sysroot=/ --enable-clocale=gnu --enable-libstdcxx-debug --enable-libstdcxx-time=yes --enable-gnu-unique-object --enable-plugin --enable-objc-gc --enable-targets=all --disable-werror --with-arch-32=i686 --with-tune=generic --enable-checking=release --build=i686-linux-gnu --host=i686-linux-gnu --target=i686-linux-gnu
Thread model: posix
gcc version 4.6.3 (Ubuntu/Linaro 4.6.3-1ubuntu5) 
configure:3823: $? = 0
configure:3812: gcc -V >&5
gcc: error: unrecognized option '-V'
gcc: fatal error: no input files
compilation terminated.
configure:3823: $? = 4
configure:3812: gcc -qversion >&5
gcc: error: unrecognized option '-qversion'
gcc: fatal error: no input files
compilation terminated.
configure:3823: $? = 4
configure:3843: checking whether the C compiler works
configure:3865: gcc    conftest.c  >&5
configure:3869: $? = 0
configure:3917: result: yes
configure:3920: checking for C compiler default output file name
configure:3922: result: a.out
configure:3928: checking for suffix of executables
configure:3935: gcc -o conftest    conftest.c  >&5
configure:3939: $? = 0
configure:3961: result: 
configure:3983: checking whether we are cross compiling
configure:3991: gcc -o conftest    conftest.c  >&5
configure:3995: $? = 0
configure:4002: ./conftest
configure:4006: $? = 0
configure:4021: result: no
configure:4026: checking for suffix of object files
configure:4048: gcc -c   conftest.c >&5
configure:4052: $? = 0
configure:4073: result: o
configure:4077: checking whether we are using the GNU C compiler
configure:4096: gcc -c   conftest.c >&5
configure:4096: $? = 0
configure:4105: result: yes
configure:4114: checking whether gcc accepts -g
configure:4134: gcc -c -g  conftest.c >&5
configure:4134: $? = 0
configure:4175: result: yes
configure:4192: checking for gcc option to accept ISO C89
configure:4256: gcc  -c -g -O2  conftest.c >&5
configure:4256: $? = 0
configure:4269: result: none needed
configure:4291: checking dependency style of gcc
configure:4402: result: gcc3
configure:4423: checking how to run the C preprocessor
configure:4454: gcc -E  conftest.c
configure:4454: $? = 0
configure:4468: gcc -E  conftest.c
conftest.c:11:28: fatal error: ac_nonexistent.h: No such file or directory
compilation terminated.
configure:4468: $? = 1
configure: failed program was:
| /* confdefs.h */
| #define PACKAGE_NAME "NetworkManager"
| #define PACKAGE_TARNAME "NetworkManager"
| #define PACKAGE_VERSION "0.9.8.2"
| #define PACKAGE_STRING "NetworkManager 0.9.8.2"
| #define PACKAGE_BUGREPORT "http://bugzilla.gnome.org/enter_bug.cgi?product=NetworkManager"
| #define PACKAGE_URL ""
| #define PACKAGE "NetworkManager"
| #define VERSION "0.9.8.2"
| /* end confdefs.h.  */
| #include <ac_nonexistent.h>
configure:4493: result: gcc -E
configure:4513: gcc -E  conftest.c
configure:4513: $? = 0
configure:4527: gcc -E  conftest.c
conftest.c:11:28: fatal error: ac_nonexistent.h: No such file or directory
compilation terminated.
configure:4527: $? = 1
configure: failed program was:
| /* confdefs.h */
| #define PACKAGE_NAME "NetworkManager"
| #define PACKAGE_TARNAME "NetworkManager"
| #define PACKAGE_VERSION "0.9.8.2"
| #define PACKAGE_STRING "NetworkManager 0.9.8.2"
| #define PACKAGE_BUGREPORT "http://bugzilla.gnome.org/enter_bug.cgi?product=NetworkManager"
| #define PACKAGE_URL ""
| #define PACKAGE "NetworkManager"
| #define VERSION "0.9.8.2"
| /* end confdefs.h.  */
| #include <ac_nonexistent.h>
configure:4556: checking for grep that handles long lines and -e
configure:4614: result: /bin/grep
configure:4619: checking for egrep
configure:4681: result: /bin/grep -E
configure:4686: checking for ANSI C header files
configure:4706: gcc -c -g -O2  conftest.c >&5
configure:4706: $? = 0
configure:4779: gcc -o conftest -g -O2   conftest.c  >&5
configure:4779: $? = 0
configure:4779: ./conftest
configure:4779: $? = 0
configure:4790: result: yes
configure:4803: checking for sys/types.h
configure:4803: gcc -c -g -O2  conftest.c >&5
configure:4803: $? = 0
configure:4803: result: yes
configure:4803: checking for sys/stat.h
configure:4803: gcc -c -g -O2  conftest.c >&5
configure:4803: $? = 0
configure:4803: result: yes
configure:4803: checking for stdlib.h
configure:4803: gcc -c -g -O2  conftest.c >&5
configure:4803: $? = 0
configure:4803: result: yes
configure:4803: checking for string.h
configure:4803: gcc -c -g -O2  conftest.c >&5
configure:4803: $? = 0
configure:4803: result: yes
configure:4803: checking for memory.h
configure:4803: gcc -c -g -O2  conftest.c >&5
configure:4803: $? = 0
configure:4803: result: yes
configure:4803: checking for strings.h
configure:4803: gcc -c -g -O2  conftest.c >&5
configure:4803: $? = 0
configure:4803: result: yes
configure:4803: checking for inttypes.h
configure:4803: gcc -c -g -O2  conftest.c >&5
configure:4803: $? = 0
configure:4803: result: yes
configure:4803: checking for stdint.h
configure:4803: gcc -c -g -O2  conftest.c >&5
configure:4803: $? = 0
configure:4803: result: yes
configure:4803: checking for unistd.h
configure:4803: gcc -c -g -O2  conftest.c >&5
configure:4803: $? = 0
configure:4803: result: yes
configure:4816: checking minix/config.h usability
configure:4816: gcc -c -g -O2  conftest.c >&5
conftest.c:54:26: fatal error: minix/config.h: No such file or directory
compilation terminated.
configure:4816: $? = 1
configure: failed program was:
| /* confdefs.h */
| #define PACKAGE_NAME "NetworkManager"
| #define PACKAGE_TARNAME "NetworkManager"
| #define PACKAGE_VERSION "0.9.8.2"
| #define PACKAGE_STRING "NetworkManager 0.9.8.2"
| #define PACKAGE_BUGREPORT "http://bugzilla.gnome.org/enter_bug.cgi?product=NetworkManager"
| #define PACKAGE_URL ""
| #define PACKAGE "NetworkManager"
| #define VERSION "0.9.8.2"
| #define STDC_HEADERS 1
| #define HAVE_SYS_TYPES_H 1
| #define HAVE_SYS_STAT_H 1
| #define HAVE_STDLIB_H 1
| #define HAVE_STRING_H 1
| #define HAVE_MEMORY_H 1
| #define HAVE_STRINGS_H 1
| #define HAVE_INTTYPES_H 1
| #define HAVE_STDINT_H 1
| #define HAVE_UNISTD_H 1
| /* end confdefs.h.  */
| #include <stdio.h>
| #ifdef HAVE_SYS_TYPES_H
| # include <sys/types.h>
| #endif
| #ifdef HAVE_SYS_STAT_H
| # include <sys/stat.h>
| #endif
| #ifdef STDC_HEADERS
| # include <stdlib.h>
| # include <stddef.h>
| #else
| # ifdef HAVE_STDLIB_H
| #  include <stdlib.h>
| # endif
| #endif
| #ifdef HAVE_STRING_H
| # if !defined STDC_HEADERS && defined HAVE_MEMORY_H
| #  include <memory.h>
| # endif
| # include <string.h>
| #endif
| #ifdef HAVE_STRINGS_H
| # include <strings.h>
| #endif
| #ifdef HAVE_INTTYPES_H
| # include <inttypes.h>
| #endif
| #ifdef HAVE_STDINT_H
| # include <stdint.h>
| #endif
| #ifdef HAVE_UNISTD_H
| # include <unistd.h>
| #endif
| #include <minix/config.h>
configure:4816: result: no
configure:4816: checking minix/config.h presence
configure:4816: gcc -E  conftest.c
conftest.c:21:26: fatal error: minix/config.h: No such file or directory
compilation terminated.
configure:4816: $? = 1
configure: failed program was:
| /* confdefs.h */
| #define PACKAGE_NAME "NetworkManager"
| #define PACKAGE_TARNAME "NetworkManager"
| #define PACKAGE_VERSION "0.9.8.2"
| #define PACKAGE_STRING "NetworkManager 0.9.8.2"
| #define PACKAGE_BUGREPORT "http://bugzilla.gnome.org/enter_bug.cgi?product=NetworkManager"
| #define PACKAGE_URL ""
| #define PACKAGE "NetworkManager"
| #define VERSION "0.9.8.2"
| #define STDC_HEADERS 1
| #define HAVE_SYS_TYPES_H 1
| #define HAVE_SYS_STAT_H 1
| #define HAVE_STDLIB_H 1
| #define HAVE_STRING_H 1
| #define HAVE_MEMORY_H 1
| #define HAVE_STRINGS_H 1
| #define HAVE_INTTYPES_H 1
| #define HAVE_STDINT_H 1
| #define HAVE_UNISTD_H 1
| /* end confdefs.h.  */
| #include <minix/config.h>
configure:4816: result: no
configure:4816: checking for minix/config.h
configure:4816: result: no
configure:4837: checking whether it is safe to define __EXTENSIONS__
configure:4855: gcc -c -g -O2  conftest.c >&5
configure:4855: $? = 0
configure:4862: result: yes
configure:4925: checking for gcc
configure:4952: result: gcc
configure:5181: checking for C compiler version
configure:5190: gcc --version >&5
gcc (Ubuntu/Linaro 4.6.3-1ubuntu5) 4.6.3
Copyright (C) 2011 Free Software Foundation, Inc.
This is free software; see the source for copying conditions.  There is NO
warranty; not even for MERCHANTABILITY or FITNESS FOR A PARTICULAR PURPOSE.

configure:5201: $? = 0
configure:5190: gcc -v >&5
Using built-in specs.
COLLECT_GCC=gcc
COLLECT_LTO_WRAPPER=/usr/lib/gcc/i686-linux-gnu/4.6/lto-wrapper
Target: i686-linux-gnu
Configured with: ../src/configure -v --with-pkgversion='Ubuntu/Linaro 4.6.3-1ubuntu5' --with-bugurl=file:///usr/share/doc/gcc-4.6/README.Bugs --enable-languages=c,c++,fortran,objc,obj-c++ --prefix=/usr --program-suffix=-4.6 --enable-shared --enable-linker-build-id --with-system-zlib --libexecdir=/usr/lib --without-included-gettext --enable-threads=posix --with-gxx-include-dir=/usr/include/c++/4.6 --libdir=/usr/lib --enable-nls --with-sysroot=/ --enable-clocale=gnu --enable-libstdcxx-debug --enable-libstdcxx-time=yes --enable-gnu-unique-object --enable-plugin --enable-objc-gc --enable-targets=all --disable-werror --with-arch-32=i686 --with-tune=generic --enable-checking=release --build=i686-linux-gnu --host=i686-linux-gnu --target=i686-linux-gnu
Thread model: posix
gcc version 4.6.3 (Ubuntu/Linaro 4.6.3-1ubuntu5) 
configure:5201: $? = 0
configure:5190: gcc -V >&5
gcc: error: unrecognized option '-V'
gcc: fatal error: no input files
compilation terminated.
configure:5201: $? = 4
configure:5190: gcc -qversion >&5
gcc: error: unrecognized option '-qversion'
gcc: fatal error: no input files
compilation terminated.
configure:5201: $? = 4
configure:5205: checking whether we are using the GNU C compiler
configure:5233: result: yes
configure:5242: checking whether gcc accepts -g
configure:5303: result: yes
configure:5320: checking for gcc option to accept ISO C89
configure:5397: result: none needed
configure:5419: checking dependency style of gcc
configure:5530: result: gcc3
configure:5546: checking whether gcc and cc understand -c and -o together
configure:5577: gcc -c conftest.c -o conftest2.o >&5
configure:5581: $? = 0
configure:5587: gcc -c conftest.c -o conftest2.o >&5
configure:5591: $? = 0
configure:5602: cc -c conftest.c >&5
configure:5606: $? = 0
configure:5614: cc -c conftest.c -o conftest2.o >&5
configure:5618: $? = 0
configure:5624: cc -c conftest.c -o conftest2.o >&5
configure:5628: $? = 0
configure:5646: result: yes
configure:5732: checking for g++
configure:5748: found /usr/bin/g++
configure:5759: result: g++
configure:5786: checking for C++ compiler version
configure:5795: g++ --version >&5
g++ (Ubuntu/Linaro 4.6.3-1ubuntu5) 4.6.3
Copyright (C) 2011 Free Software Foundation, Inc.
This is free software; see the source for copying conditions.  There is NO
warranty; not even for MERCHANTABILITY or FITNESS FOR A PARTICULAR PURPOSE.

configure:5806: $? = 0
configure:5795: g++ -v >&5
Using built-in specs.
COLLECT_GCC=g++
COLLECT_LTO_WRAPPER=/usr/lib/gcc/i686-linux-gnu/4.6/lto-wrapper
Target: i686-linux-gnu
Configured with: ../src/configure -v --with-pkgversion='Ubuntu/Linaro 4.6.3-1ubuntu5' --with-bugurl=file:///usr/share/doc/gcc-4.6/README.Bugs --enable-languages=c,c++,fortran,objc,obj-c++ --prefix=/usr --program-suffix=-4.6 --enable-shared --enable-linker-build-id --with-system-zlib --libexecdir=/usr/lib --without-included-gettext --enable-threads=posix --with-gxx-include-dir=/usr/include/c++/4.6 --libdir=/usr/lib --enable-nls --with-sysroot=/ --enable-clocale=gnu --enable-libstdcxx-debug --enable-libstdcxx-time=yes --enable-gnu-unique-object --enable-plugin --enable-objc-gc --enable-targets=all --disable-werror --with-arch-32=i686 --with-tune=generic --enable-checking=release --build=i686-linux-gnu --host=i686-linux-gnu --target=i686-linux-gnu
Thread model: posix
gcc version 4.6.3 (Ubuntu/Linaro 4.6.3-1ubuntu5) 
configure:5806: $? = 0
configure:5795: g++ -V >&5
g++: error: unrecognized option '-V'
g++: fatal error: no input files
compilation terminated.
configure:5806: $? = 4
configure:5795: g++ -qversion >&5
g++: error: unrecognized option '-qversion'
g++: fatal error: no input files
compilation terminated.
configure:5806: $? = 4
configure:5810: checking whether we are using the GNU C++ compiler
configure:5829: g++ -c   conftest.cpp >&5
configure:5829: $? = 0
configure:5838: result: yes
configure:5847: checking whether g++ accepts -g
configure:5867: g++ -c -g  conftest.cpp >&5
configure:5867: $? = 0
configure:5908: result: yes
configure:5933: checking dependency style of g++
configure:6044: result: gcc3
configure:6090: checking build system type
configure:6104: result: i686-pc-linux-gnu
configure:6124: checking host system type
configure:6137: result: i686-pc-linux-gnu
configure:6178: checking how to print strings
configure:6205: result: printf
configure:6226: checking for a sed that does not truncate output
configure:6290: result: /bin/sed
configure:6308: checking for fgrep
configure:6370: result: /bin/grep -F
configure:6405: checking for ld used by gcc
configure:6472: result: /usr/bin/ld
configure:6479: checking if the linker (/usr/bin/ld) is GNU ld
configure:6494: result: yes
configure:6506: checking for BSD- or MS-compatible name lister (nm)
configure:6555: result: /usr/bin/nm -B
configure:6685: checking the name lister (/usr/bin/nm -B) interface
configure:6692: gcc -c -g -O2  conftest.c >&5
configure:6695: /usr/bin/nm -B "conftest.o"
configure:6698: output
00000000 B some_variable
configure:6705: result: BSD nm
configure:6708: checking whether ln -s works
configure:6712: result: yes
configure:6720: checking the maximum length of command line arguments
configure:6850: result: 1572864
configure:6867: checking whether the shell understands some XSI constructs
configure:6877: result: yes
configure:6881: checking whether the shell understands "+="
configure:6887: result: yes
configure:6922: checking how to convert i686-pc-linux-gnu file names to i686-pc-linux-gnu format
configure:6962: result: func_convert_file_noop
configure:6969: checking how to convert i686-pc-linux-gnu file names to toolchain format
configure:6989: result: func_convert_file_noop
configure:6996: checking for /usr/bin/ld option to reload object files
configure:7003: result: -r
configure:7077: checking for objdump
configure:7093: found /usr/bin/objdump
configure:7104: result: objdump
configure:7136: checking how to recognize dependent libraries
configure:7338: result: pass_all
configure:7423: checking for dlltool
configure:7453: result: no
configure:7483: checking how to associate runtime and link libraries
configure:7510: result: printf %s\n
configure:7570: checking for ar
configure:7586: found /usr/bin/ar
configure:7597: result: ar
configure:7634: checking for archiver @FILE support
configure:7651: gcc -c -g -O2  conftest.c >&5
configure:7651: $? = 0
configure:7654: ar cru libconftest.a @conftest.lst >&5
configure:7657: $? = 0
configure:7662: ar cru libconftest.a @conftest.lst >&5
ar: conftest.o: No such file or directory
configure:7665: $? = 1
configure:7677: result: @
configure:7735: checking for strip
configure:7751: found /usr/bin/strip
configure:7762: result: strip
configure:7834: checking for ranlib
configure:7850: found /usr/bin/ranlib
configure:7861: result: ranlib
configure:7963: checking command to parse /usr/bin/nm -B output from gcc object
configure:8083: gcc -c -g -O2  conftest.c >&5
configure:8086: $? = 0
configure:8090: /usr/bin/nm -B conftest.o \| sed -n -e 's/^.*[ ]\([ABCDGIRSTW][ABCDGIRSTW]*\)[ ][ ]*\([_A-Za-z][_A-Za-z0-9]*\)$/\1 \2 \2/p' | sed '/ __gnu_lto/d' \> conftest.nm
configure:8093: $? = 0
configure:8159: gcc -o conftest -g -O2   conftest.c conftstm.o >&5
configure:8162: $? = 0
configure:8200: result: ok
configure:8237: checking for sysroot
configure:8267: result: no
configure:8523: checking for mt
configure:8539: found /bin/mt
configure:8550: result: mt
configure:8573: checking if mt is a manifest tool
configure:8579: mt '-?'
configure:8587: result: no
configure:9226: checking for dlfcn.h
configure:9226: gcc -c -g -O2  conftest.c >&5
configure:9226: $? = 0
configure:9226: result: yes
configure:9442: checking for objdir
configure:9457: result: .libs
configure:9728: checking if gcc supports -fno-rtti -fno-exceptions
configure:9746: gcc -c -g -O2  -fno-rtti -fno-exceptions conftest.c >&5
cc1: warning: command line option '-fno-rtti' is valid for C++/ObjC++ but not for C [enabled by default]
configure:9750: $? = 0
configure:9763: result: no
configure:10090: checking for gcc option to produce PIC
configure:10097: result: -fPIC -DPIC
configure:10105: checking if gcc PIC flag -fPIC -DPIC works
configure:10123: gcc -c -g -O2  -fPIC -DPIC -DPIC conftest.c >&5
configure:10127: $? = 0
configure:10140: result: yes
configure:10169: checking if gcc static flag -static works
configure:10197: result: yes
configure:10212: checking if gcc supports -c -o file.o
configure:10233: gcc -c -g -O2  -o out/conftest2.o conftest.c >&5
configure:10237: $? = 0
configure:10259: result: yes
configure:10267: checking if gcc supports -c -o file.o
configure:10314: result: yes
configure:10347: checking whether the gcc linker (/usr/bin/ld) supports shared libraries
configure:11500: result: yes
configure:11537: checking whether -lc should be explicitly linked in
configure:11545: gcc -c -g -O2  conftest.c >&5
configure:11548: $? = 0
configure:11563: gcc -shared  -fPIC -DPIC conftest.o  -v -Wl,-soname -Wl,conftest -o conftest 2\>\&1 \| /bin/grep  -lc  \>/dev/null 2\>\&1
configure:11566: $? = 0
configure:11580: result: no
configure:11740: checking dynamic linker characteristics
configure:12251: gcc -o conftest -g -O2   -Wl,-rpath -Wl,/foo conftest.c  >&5
configure:12251: $? = 0
configure:12477: result: GNU/Linux ld.so
configure:12584: checking how to hardcode library paths into programs
configure:12609: result: immediate
configure:13149: checking whether stripping libraries is possible
configure:13154: result: yes
configure:13189: checking if libtool supports shared libraries
configure:13191: result: yes
configure:13194: checking whether to build shared libraries
configure:13215: result: yes
configure:13218: checking whether to build static libraries
configure:13222: result: no
configure:13245: checking how to run the C++ preprocessor
configure:13272: g++ -E  conftest.cpp
configure:13272: $? = 0
configure:13286: g++ -E  conftest.cpp
conftest.cpp:28:28: fatal error: ac_nonexistent.h: No such file or directory
compilation terminated.
configure:13286: $? = 1
configure: failed program was:
| /* confdefs.h */
| #define PACKAGE_NAME "NetworkManager"
| #define PACKAGE_TARNAME "NetworkManager"
| #define PACKAGE_VERSION "0.9.8.2"
| #define PACKAGE_STRING "NetworkManager 0.9.8.2"
| #define PACKAGE_BUGREPORT "http://bugzilla.gnome.org/enter_bug.cgi?product=NetworkManager"
| #define PACKAGE_URL ""
| #define PACKAGE "NetworkManager"
| #define VERSION "0.9.8.2"
| #define STDC_HEADERS 1
| #define HAVE_SYS_TYPES_H 1
| #define HAVE_SYS_STAT_H 1
| #define HAVE_STDLIB_H 1
| #define HAVE_STRING_H 1
| #define HAVE_MEMORY_H 1
| #define HAVE_STRINGS_H 1
| #define HAVE_INTTYPES_H 1
| #define HAVE_STDINT_H 1
| #define HAVE_UNISTD_H 1
| #define __EXTENSIONS__ 1
| #define _ALL_SOURCE 1
| #define _GNU_SOURCE 1
| #define _POSIX_PTHREAD_SEMANTICS 1
| #define _TANDEM_SOURCE 1
| #define HAVE_DLFCN_H 1
| #define LT_OBJDIR ".libs/"
| /* end confdefs.h.  */
| #include <ac_nonexistent.h>
configure:13311: result: g++ -E
configure:13331: g++ -E  conftest.cpp
configure:13331: $? = 0
configure:13345: g++ -E  conftest.cpp
conftest.cpp:28:28: fatal error: ac_nonexistent.h: No such file or directory
compilation terminated.
configure:13345: $? = 1
configure: failed program was:
| /* confdefs.h */
| #define PACKAGE_NAME "NetworkManager"
| #define PACKAGE_TARNAME "NetworkManager"
| #define PACKAGE_VERSION "0.9.8.2"
| #define PACKAGE_STRING "NetworkManager 0.9.8.2"
| #define PACKAGE_BUGREPORT "http://bugzilla.gnome.org/enter_bug.cgi?product=NetworkManager"
| #define PACKAGE_URL ""
| #define PACKAGE "NetworkManager"
| #define VERSION "0.9.8.2"
| #define STDC_HEADERS 1
| #define HAVE_SYS_TYPES_H 1
| #define HAVE_SYS_STAT_H 1
| #define HAVE_STDLIB_H 1
| #define HAVE_STRING_H 1
| #define HAVE_MEMORY_H 1
| #define HAVE_STRINGS_H 1
| #define HAVE_INTTYPES_H 1
| #define HAVE_STDINT_H 1
| #define HAVE_UNISTD_H 1
| #define __EXTENSIONS__ 1
| #define _ALL_SOURCE 1
| #define _GNU_SOURCE 1
| #define _POSIX_PTHREAD_SEMANTICS 1
| #define _TANDEM_SOURCE 1
| #define HAVE_DLFCN_H 1
| #define LT_OBJDIR ".libs/"
| /* end confdefs.h.  */
| #include <ac_nonexistent.h>
configure:13514: checking for ld used by g++
configure:13581: result: /usr/bin/ld
configure:13588: checking if the linker (/usr/bin/ld) is GNU ld
configure:13603: result: yes
configure:13658: checking whether the g++ linker (/usr/bin/ld) supports shared libraries
configure:14663: result: yes
configure:14699: g++ -c -g -O2  conftest.cpp >&5
configure:14702: $? = 0
configure:15222: checking for g++ option to produce PIC
configure:15229: result: -fPIC -DPIC
configure:15237: checking if g++ PIC flag -fPIC -DPIC works
configure:15255: g++ -c -g -O2  -fPIC -DPIC -DPIC conftest.cpp >&5
configure:15259: $? = 0
configure:15272: result: yes
configure:15295: checking if g++ static flag -static works
configure:15323: result: yes
configure:15335: checking if g++ supports -c -o file.o
configure:15356: g++ -c -g -O2  -o out/conftest2.o conftest.cpp >&5
configure:15360: $? = 0
configure:15382: result: yes
configure:15387: checking if g++ supports -c -o file.o
configure:15434: result: yes
configure:15464: checking whether the g++ linker (/usr/bin/ld) supports shared libraries
configure:15500: result: yes
configure:15641: checking dynamic linker characteristics
configure:16312: result: GNU/Linux ld.so
configure:16365: checking how to hardcode library paths into programs
configure:16390: result: immediate
configure:16461: checking for ANSI C header files
configure:16565: result: yes
configure:16576: checking fcntl.h usability
configure:16576: gcc -c -g -O2  conftest.c >&5
configure:16576: $? = 0
configure:16576: result: yes
configure:16576: checking fcntl.h presence
configure:16576: gcc -E  conftest.c
configure:16576: $? = 0
configure:16576: result: yes
configure:16576: checking for fcntl.h
configure:16576: result: yes
configure:16576: checking paths.h usability
configure:16576: gcc -c -g -O2  conftest.c >&5
configure:16576: $? = 0
configure:16576: result: yes
configure:16576: checking paths.h presence
configure:16576: gcc -E  conftest.c
configure:16576: $? = 0
configure:16576: result: yes
configure:16576: checking for paths.h
configure:16576: result: yes
configure:16576: checking sys/ioctl.h usability
configure:16576: gcc -c -g -O2  conftest.c >&5
configure:16576: $? = 0
configure:16576: result: yes
configure:16576: checking sys/ioctl.h presence
configure:16576: gcc -E  conftest.c
configure:16576: $? = 0
configure:16576: result: yes
configure:16576: checking for sys/ioctl.h
configure:16576: result: yes
configure:16576: checking sys/time.h usability
configure:16576: gcc -c -g -O2  conftest.c >&5
configure:16576: $? = 0
configure:16576: result: yes
configure:16576: checking sys/time.h presence
configure:16576: gcc -E  conftest.c
configure:16576: $? = 0
configure:16576: result: yes
configure:16576: checking for sys/time.h
configure:16576: result: yes
configure:16576: checking syslog.h usability
configure:16576: gcc -c -g -O2  conftest.c >&5
configure:16576: $? = 0
configure:16576: result: yes
configure:16576: checking syslog.h presence
configure:16576: gcc -E  conftest.c
configure:16576: $? = 0
configure:16576: result: yes
configure:16576: checking for syslog.h
configure:16576: result: yes
configure:16576: checking for unistd.h
configure:16576: result: yes
configure:16587: checking for mode_t
configure:16587: gcc -c -g -O2  conftest.c >&5
configure:16587: $? = 0
configure:16587: gcc -c -g -O2  conftest.c >&5
conftest.c: In function 'main':
conftest.c:71:21: error: expected expression before ')' token
configure:16587: $? = 1
configure: failed program was:
| /* confdefs.h */
| #define PACKAGE_NAME "NetworkManager"
| #define PACKAGE_TARNAME "NetworkManager"
| #define PACKAGE_VERSION "0.9.8.2"
| #define PACKAGE_STRING "NetworkManager 0.9.8.2"
| #define PACKAGE_BUGREPORT "http://bugzilla.gnome.org/enter_bug.cgi?product=NetworkManager"
| #define PACKAGE_URL ""
| #define PACKAGE "NetworkManager"
| #define VERSION "0.9.8.2"
| #define STDC_HEADERS 1
| #define HAVE_SYS_TYPES_H 1
| #define HAVE_SYS_STAT_H 1
| #define HAVE_STDLIB_H 1
| #define HAVE_STRING_H 1
| #define HAVE_MEMORY_H 1
| #define HAVE_STRINGS_H 1
| #define HAVE_INTTYPES_H 1
| #define HAVE_STDINT_H 1
| #define HAVE_UNISTD_H 1
| #define __EXTENSIONS__ 1
| #define _ALL_SOURCE 1
| #define _GNU_SOURCE 1
| #define _POSIX_PTHREAD_SEMANTICS 1
| #define _TANDEM_SOURCE 1
| #define HAVE_DLFCN_H 1
| #define LT_OBJDIR ".libs/"
| #define STDC_HEADERS 1
| #define HAVE_FCNTL_H 1
| #define HAVE_PATHS_H 1
| #define HAVE_SYS_IOCTL_H 1
| #define HAVE_SYS_TIME_H 1
| #define HAVE_SYSLOG_H 1
| #define HAVE_UNISTD_H 1
| /* end confdefs.h.  */
| #include <stdio.h>
| #ifdef HAVE_SYS_TYPES_H
| # include <sys/types.h>
| #endif
| #ifdef HAVE_SYS_STAT_H
| # include <sys/stat.h>
| #endif
| #ifdef STDC_HEADERS
| # include <stdlib.h>
| # include <stddef.h>
| #else
| # ifdef HAVE_STDLIB_H
| #  include <stdlib.h>
| # endif
| #endif
| #ifdef HAVE_STRING_H
| # if !defined STDC_HEADERS && defined HAVE_MEMORY_H
| #  include <memory.h>
| # endif
| # include <string.h>
| #endif
| #ifdef HAVE_STRINGS_H
| # include <strings.h>
| #endif
| #ifdef HAVE_INTTYPES_H
| # include <inttypes.h>
| #endif
| #ifdef HAVE_STDINT_H
| # include <stdint.h>
| #endif
| #ifdef HAVE_UNISTD_H
| # include <unistd.h>
| #endif
| int
| main ()
| {
| if (sizeof ((mode_t)))
| 	    return 0;
|   ;
|   return 0;
| }
configure:16587: result: yes
configure:16598: checking for pid_t
configure:16598: gcc -c -g -O2  conftest.c >&5
configure:16598: $? = 0
configure:16598: gcc -c -g -O2  conftest.c >&5
conftest.c: In function 'main':
conftest.c:71:20: error: expected expression before ')' token
configure:16598: $? = 1
configure: failed program was:
| /* confdefs.h */
| #define PACKAGE_NAME "NetworkManager"
| #define PACKAGE_TARNAME "NetworkManager"
| #define PACKAGE_VERSION "0.9.8.2"
| #define PACKAGE_STRING "NetworkManager 0.9.8.2"
| #define PACKAGE_BUGREPORT "http://bugzilla.gnome.org/enter_bug.cgi?product=NetworkManager"
| #define PACKAGE_URL ""
| #define PACKAGE "NetworkManager"
| #define VERSION "0.9.8.2"
| #define STDC_HEADERS 1
| #define HAVE_SYS_TYPES_H 1
| #define HAVE_SYS_STAT_H 1
| #define HAVE_STDLIB_H 1
| #define HAVE_STRING_H 1
| #define HAVE_MEMORY_H 1
| #define HAVE_STRINGS_H 1
| #define HAVE_INTTYPES_H 1
| #define HAVE_STDINT_H 1
| #define HAVE_UNISTD_H 1
| #define __EXTENSIONS__ 1
| #define _ALL_SOURCE 1
| #define _GNU_SOURCE 1
| #define _POSIX_PTHREAD_SEMANTICS 1
| #define _TANDEM_SOURCE 1
| #define HAVE_DLFCN_H 1
| #define LT_OBJDIR ".libs/"
| #define STDC_HEADERS 1
| #define HAVE_FCNTL_H 1
| #define HAVE_PATHS_H 1
| #define HAVE_SYS_IOCTL_H 1
| #define HAVE_SYS_TIME_H 1
| #define HAVE_SYSLOG_H 1
| #define HAVE_UNISTD_H 1
| /* end confdefs.h.  */
| #include <stdio.h>
| #ifdef HAVE_SYS_TYPES_H
| # include <sys/types.h>
| #endif
| #ifdef HAVE_SYS_STAT_H
| # include <sys/stat.h>
| #endif
| #ifdef STDC_HEADERS
| # include <stdlib.h>
| # include <stddef.h>
| #else
| # ifdef HAVE_STDLIB_H
| #  include <stdlib.h>
| # endif
| #endif
| #ifdef HAVE_STRING_H
| # if !defined STDC_HEADERS && defined HAVE_MEMORY_H
| #  include <memory.h>
| # endif
| # include <string.h>
| #endif
| #ifdef HAVE_STRINGS_H
| # include <strings.h>
| #endif
| #ifdef HAVE_INTTYPES_H
| # include <inttypes.h>
| #endif
| #ifdef HAVE_STDINT_H
| # include <stdint.h>
| #endif
| #ifdef HAVE_UNISTD_H
| # include <unistd.h>
| #endif
| int
| main ()
| {
| if (sizeof ((pid_t)))
| 	    return 0;
|   ;
|   return 0;
| }
configure:16598: result: yes
configure:16609: checking whether time.h and sys/time.h may both be included
configure:16629: gcc -c -g -O2  conftest.c >&5
configure:16629: $? = 0
configure:16636: result: yes
configure:16646: checking whether gcc needs -traditional
configure:16680: result: no
configure:16687: checking for working memcmp
configure:16730: gcc -o conftest -g -O2   conftest.c  >&5
configure:16730: $? = 0
configure:16730: ./conftest
configure:16730: $? = 0
configure:16740: result: yes
configure:16752: checking for select
configure:16752: gcc -o conftest -g -O2   conftest.c  >&5
configure:16752: $? = 0
configure:16752: result: yes
configure:16752: checking for socket
configure:16752: gcc -o conftest -g -O2   conftest.c  >&5
configure:16752: $? = 0
configure:16752: result: yes
configure:16752: checking for uname
configure:16752: gcc -o conftest -g -O2   conftest.c  >&5
configure:16752: $? = 0
configure:16752: result: yes
configure:16763: checking whether NLS is requested
configure:16772: result: yes
configure:16790: checking for intltool >= 0.40.0
configure:16792: result: 0.50.2 found
configure:16800: checking for intltool-update
configure:16818: found /usr/bin/intltool-update
configure:16830: result: /usr/bin/intltool-update
configure:16840: checking for intltool-merge
configure:16858: found /usr/bin/intltool-merge
configure:16870: result: /usr/bin/intltool-merge
configure:16880: checking for intltool-extract
configure:16898: found /usr/bin/intltool-extract
configure:16910: result: /usr/bin/intltool-extract
configure:17064: checking for xgettext
configure:17082: found /usr/bin/xgettext
configure:17094: result: /usr/bin/xgettext
configure:17104: checking for msgmerge
configure:17122: found /usr/bin/msgmerge
configure:17134: result: /usr/bin/msgmerge
configure:17144: checking for msgfmt
configure:17162: found /usr/bin/msgfmt
configure:17174: result: /usr/bin/msgfmt
configure:17184: checking for gmsgfmt
configure:17215: result: /usr/bin/msgfmt
configure:17235: checking for perl
configure:17253: found /usr/bin/perl
configure:17265: result: /usr/bin/perl
configure:17276: checking for perl >= 5.8.1
configure:17283: result: 5.14.2
configure:17287: checking for XML::Parser
configure:17290: result: ok
configure:17315: gcc -o conftest -g -O2   conftest.c  >&5
configure:17315: $? = 0
configure:17379: checking for msgfmt
configure:17411: result: /usr/bin/msgfmt
configure:17420: checking for gmsgfmt
configure:17451: result: /usr/bin/msgfmt
configure:17502: checking for xgettext
configure:17534: result: /usr/bin/xgettext
configure:17580: checking for msgmerge
configure:17611: result: /usr/bin/msgmerge
configure:17668: checking for ld used by GCC
configure:17732: result: /usr/bin/ld
configure:17739: checking if the linker (/usr/bin/ld) is GNU ld
configure:17752: result: yes
configure:17759: checking for shared library run path origin
configure:17772: result: done
configure:18273: checking for CFPreferencesCopyAppValue
configure:18291: gcc -o conftest -g -O2   conftest.c  -Wl,-framework -Wl,CoreFoundation >&5
conftest.c:39:42: fatal error: CoreFoundation/CFPreferences.h: No such file or directory
compilation terminated.
configure:18291: $? = 1
configure: failed program was:
| /* confdefs.h */
| #define PACKAGE_NAME "NetworkManager"
| #define PACKAGE_TARNAME "NetworkManager"
| #define PACKAGE_VERSION "0.9.8.2"
| #define PACKAGE_STRING "NetworkManager 0.9.8.2"
| #define PACKAGE_BUGREPORT "http://bugzilla.gnome.org/enter_bug.cgi?product=NetworkManager"
| #define PACKAGE_URL ""
| #define PACKAGE "NetworkManager"
| #define VERSION "0.9.8.2"
| #define STDC_HEADERS 1
| #define HAVE_SYS_TYPES_H 1
| #define HAVE_SYS_STAT_H 1
| #define HAVE_STDLIB_H 1
| #define HAVE_STRING_H 1
| #define HAVE_MEMORY_H 1
| #define HAVE_STRINGS_H 1
| #define HAVE_INTTYPES_H 1
| #define HAVE_STDINT_H 1
| #define HAVE_UNISTD_H 1
| #define __EXTENSIONS__ 1
| #define _ALL_SOURCE 1
| #define _GNU_SOURCE 1
| #define _POSIX_PTHREAD_SEMANTICS 1
| #define _TANDEM_SOURCE 1
| #define HAVE_DLFCN_H 1
| #define LT_OBJDIR ".libs/"
| #define STDC_HEADERS 1
| #define HAVE_FCNTL_H 1
| #define HAVE_PATHS_H 1
| #define HAVE_SYS_IOCTL_H 1
| #define HAVE_SYS_TIME_H 1
| #define HAVE_SYSLOG_H 1
| #define HAVE_UNISTD_H 1
| #define TIME_WITH_SYS_TIME 1
| #define HAVE_SELECT 1
| #define HAVE_SOCKET 1
| #define HAVE_UNAME 1
| /* end confdefs.h.  */
| #include <CoreFoundation/CFPreferences.h>
| int
| main ()
| {
| CFPreferencesCopyAppValue(NULL, NULL)
|   ;
|   return 0;
| }
configure:18300: result: no
configure:18307: checking for CFLocaleCopyCurrent
configure:18325: gcc -o conftest -g -O2   conftest.c  -Wl,-framework -Wl,CoreFoundation >&5
conftest.c:39:37: fatal error: CoreFoundation/CFLocale.h: No such file or directory
compilation terminated.
configure:18325: $? = 1
configure: failed program was:
| /* confdefs.h */
| #define PACKAGE_NAME "NetworkManager"
| #define PACKAGE_TARNAME "NetworkManager"
| #define PACKAGE_VERSION "0.9.8.2"
| #define PACKAGE_STRING "NetworkManager 0.9.8.2"
| #define PACKAGE_BUGREPORT "http://bugzilla.gnome.org/enter_bug.cgi?product=NetworkManager"
| #define PACKAGE_URL ""
| #define PACKAGE "NetworkManager"
| #define VERSION "0.9.8.2"
| #define STDC_HEADERS 1
| #define HAVE_SYS_TYPES_H 1
| #define HAVE_SYS_STAT_H 1
| #define HAVE_STDLIB_H 1
| #define HAVE_STRING_H 1
| #define HAVE_MEMORY_H 1
| #define HAVE_STRINGS_H 1
| #define HAVE_INTTYPES_H 1
| #define HAVE_STDINT_H 1
| #define HAVE_UNISTD_H 1
| #define __EXTENSIONS__ 1
| #define _ALL_SOURCE 1
| #define _GNU_SOURCE 1
| #define _POSIX_PTHREAD_SEMANTICS 1
| #define _TANDEM_SOURCE 1
| #define HAVE_DLFCN_H 1
| #define LT_OBJDIR ".libs/"
| #define STDC_HEADERS 1
| #define HAVE_FCNTL_H 1
| #define HAVE_PATHS_H 1
| #define HAVE_SYS_IOCTL_H 1
| #define HAVE_SYS_TIME_H 1
| #define HAVE_SYSLOG_H 1
| #define HAVE_UNISTD_H 1
| #define TIME_WITH_SYS_TIME 1
| #define HAVE_SELECT 1
| #define HAVE_SOCKET 1
| #define HAVE_UNAME 1
| /* end confdefs.h.  */
| #include <CoreFoundation/CFLocale.h>
| int
| main ()
| {
| CFLocaleCopyCurrent();
|   ;
|   return 0;
| }
configure:18334: result: no
configure:18383: checking for GNU gettext in libc
configure:18403: gcc -o conftest -g -O2   conftest.c  >&5
configure:18403: $? = 0
configure:18412: result: yes
configure:19158: checking whether to use NLS
configure:19160: result: yes
configure:19163: checking where the gettext function comes from
configure:19174: result: libc
configure:19241: checking whether byte ordering is bigendian
configure:19256: gcc -c -g -O2  conftest.c >&5
conftest.c:44:9: error: unknown type name 'not'
conftest.c:44:15: error: expected '=', ',', ';', 'asm' or '__attribute__' before 'universal'
conftest.c:44:15: error: unknown type name 'universal'
configure:19256: $? = 1
configure: failed program was:
| /* confdefs.h */
| #define PACKAGE_NAME "NetworkManager"
| #define PACKAGE_TARNAME "NetworkManager"
| #define PACKAGE_VERSION "0.9.8.2"
| #define PACKAGE_STRING "NetworkManager 0.9.8.2"
| #define PACKAGE_BUGREPORT "http://bugzilla.gnome.org/enter_bug.cgi?product=NetworkManager"
| #define PACKAGE_URL ""
| #define PACKAGE "NetworkManager"
| #define VERSION "0.9.8.2"
| #define STDC_HEADERS 1
| #define HAVE_SYS_TYPES_H 1
| #define HAVE_SYS_STAT_H 1
| #define HAVE_STDLIB_H 1
| #define HAVE_STRING_H 1
| #define HAVE_MEMORY_H 1
| #define HAVE_STRINGS_H 1
| #define HAVE_INTTYPES_H 1
| #define HAVE_STDINT_H 1
| #define HAVE_UNISTD_H 1
| #define __EXTENSIONS__ 1
| #define _ALL_SOURCE 1
| #define _GNU_SOURCE 1
| #define _POSIX_PTHREAD_SEMANTICS 1
| #define _TANDEM_SOURCE 1
| #define HAVE_DLFCN_H 1
| #define LT_OBJDIR ".libs/"
| #define STDC_HEADERS 1
| #define HAVE_FCNTL_H 1
| #define HAVE_PATHS_H 1
| #define HAVE_SYS_IOCTL_H 1
| #define HAVE_SYS_TIME_H 1
| #define HAVE_SYSLOG_H 1
| #define HAVE_UNISTD_H 1
| #define TIME_WITH_SYS_TIME 1
| #define HAVE_SELECT 1
| #define HAVE_SOCKET 1
| #define HAVE_UNAME 1
| #define ENABLE_NLS 1
| #define HAVE_GETTEXT 1
| #define HAVE_DCGETTEXT 1
| #define GETTEXT_PACKAGE "NetworkManager"
| /* end confdefs.h.  */
| #ifndef __APPLE_CC__
| 	       not a universal capable compiler
| 	     #endif
| 	     typedef int dummy;
| 
configure:19301: gcc -c -g -O2  conftest.c >&5
configure:19301: $? = 0
configure:19319: gcc -c -g -O2  conftest.c >&5
conftest.c: In function 'main':
conftest.c:50:4: error: unknown type name 'not'
conftest.c:50:12: error: expected '=', ',', ';', 'asm' or '__attribute__' before 'endian'
configure:19319: $? = 1
configure: failed program was:
| /* confdefs.h */
| #define PACKAGE_NAME "NetworkManager"
| #define PACKAGE_TARNAME "NetworkManager"
| #define PACKAGE_VERSION "0.9.8.2"
| #define PACKAGE_STRING "NetworkManager 0.9.8.2"
| #define PACKAGE_BUGREPORT "http://bugzilla.gnome.org/enter_bug.cgi?product=NetworkManager"
| #define PACKAGE_URL ""
| #define PACKAGE "NetworkManager"
| #define VERSION "0.9.8.2"
| #define STDC_HEADERS 1
| #define HAVE_SYS_TYPES_H 1
| #define HAVE_SYS_STAT_H 1
| #define HAVE_STDLIB_H 1
| #define HAVE_STRING_H 1
| #define HAVE_MEMORY_H 1
| #define HAVE_STRINGS_H 1
| #define HAVE_INTTYPES_H 1
| #define HAVE_STDINT_H 1
| #define HAVE_UNISTD_H 1
| #define __EXTENSIONS__ 1
| #define _ALL_SOURCE 1
| #define _GNU_SOURCE 1
| #define _POSIX_PTHREAD_SEMANTICS 1
| #define _TANDEM_SOURCE 1
| #define HAVE_DLFCN_H 1
| #define LT_OBJDIR ".libs/"
| #define STDC_HEADERS 1
| #define HAVE_FCNTL_H 1
| #define HAVE_PATHS_H 1
| #define HAVE_SYS_IOCTL_H 1
| #define HAVE_SYS_TIME_H 1
| #define HAVE_SYSLOG_H 1
| #define HAVE_UNISTD_H 1
| #define TIME_WITH_SYS_TIME 1
| #define HAVE_SELECT 1
| #define HAVE_SOCKET 1
| #define HAVE_UNAME 1
| #define ENABLE_NLS 1
| #define HAVE_GETTEXT 1
| #define HAVE_DCGETTEXT 1
| #define GETTEXT_PACKAGE "NetworkManager"
| /* end confdefs.h.  */
| #include <sys/types.h>
| 		#include <sys/param.h>
| 
| int
| main ()
| {
| #if BYTE_ORDER != BIG_ENDIAN
| 		 not big endian
| 		#endif
| 
|   ;
|   return 0;
| }
configure:19447: result: no
configure:19501: checking for /etc/redhat-release
configure:19514: result: no
configure:19522: checking for /etc/fedora-release
configure:19535: result: no
configure:19543: checking for /etc/mandriva-release
configure:19556: result: no
configure:19564: checking for /etc/SuSE-release
configure:19577: result: no
configure:19585: checking for /etc/debian_version
configure:19598: result: yes
configure:19606: checking for /etc/gentoo-release
configure:19619: result: no
configure:19674: checking whether to build with code coverage support
configure:19693: result: no
configure:19933: checking Linux kernel WEXT headers
configure:19954: gcc -c -g -O2  conftest.c >&5
configure:19954: $? = 0
configure:19960: result: yes
configure:19982: checking Linux kernel nl80211 headers
configure:20001: gcc -c -g -O2  conftest.c >&5
configure:20001: $? = 0
configure:20007: result: yes
configure:20013: checking Linux kernel VLAN_FLAG_LOOSE_BINDING enum value
configure:20031: gcc -c -g -O2  conftest.c >&5
configure:20031: $? = 0
configure:20037: result: yes
configure:20137: checking for cos in -lm
configure:20162: gcc -o conftest -g -O2   conftest.c -lm   >&5
conftest.c:52:6: warning: conflicting types for built-in function 'cos' [enabled by default]
configure:20162: $? = 0
configure:20171: result: yes
configure:20182: checking for dladdr in -ldl
configure:20207: gcc -o conftest -g -O2   conftest.c -ldl   >&5
configure:20207: $? = 0
configure:20216: result: yes
configure:20279: checking for pkg-config
configure:20297: found /usr/bin/pkg-config
configure:20309: result: /usr/bin/pkg-config
configure:20334: checking pkg-config is at least version 0.9.0
configure:20337: result: yes
configure:20347: checking for DBUS
configure:20354: $PKG_CONFIG --exists --print-errors "dbus-1 >= 1.1 dbus-glib-1 >= 0.94"
configure:20357: $? = 0
configure:20370: $PKG_CONFIG --exists --print-errors "dbus-1 >= 1.1 dbus-glib-1 >= 0.94"
configure:20373: $? = 0
configure:20432: result: yes
configure:20448: checking for GLIB
configure:20455: $PKG_CONFIG --exists --print-errors "gio-unix-2.0 >= 2.22 gmodule-2.0"
configure:20458: $? = 0
configure:20471: $PKG_CONFIG --exists --print-errors "gio-unix-2.0 >= 2.22 gmodule-2.0"
configure:20474: $? = 0
configure:20533: result: yes
configure:20543: checking for GUDEV
configure:20550: $PKG_CONFIG --exists --print-errors "gudev-1.0 >= 165"
configure:20553: $? = 0
configure:20566: $PKG_CONFIG --exists --print-errors "gudev-1.0 >= 165"
configure:20569: $? = 0
configure:20628: result: yes
configure:20646: checking for gobject-introspection
configure:20677: $PKG_CONFIG --exists --print-errors "gobject-introspection-1.0 >= 0.9.6"
configure:20680: $? = 0
configure:20691: result: yes
configure:20732: checking for QT
configure:20739: $PKG_CONFIG --exists --print-errors "QtCore >= 4 QtDBus QtNetwork"
Package QtCore was not found in the pkg-config search path.
Perhaps you should add the directory containing `QtCore.pc'
to the PKG_CONFIG_PATH environment variable
No package 'QtCore' found
Package QtDBus was not found in the pkg-config search path.
Perhaps you should add the directory containing `QtDBus.pc'
to the PKG_CONFIG_PATH environment variable
No package 'QtDBus' found
Package QtNetwork was not found in the pkg-config search path.
Perhaps you should add the directory containing `QtNetwork.pc'
to the PKG_CONFIG_PATH environment variable
No package 'QtNetwork' found
configure:20742: $? = 1
configure:20755: $PKG_CONFIG --exists --print-errors "QtCore >= 4 QtDBus QtNetwork"
Package QtCore was not found in the pkg-config search path.
Perhaps you should add the directory containing `QtCore.pc'
to the PKG_CONFIG_PATH environment variable
No package 'QtCore' found
Package QtDBus was not found in the pkg-config search path.
Perhaps you should add the directory containing `QtDBus.pc'
to the PKG_CONFIG_PATH environment variable
No package 'QtDBus' found
Package QtNetwork was not found in the pkg-config search path.
Perhaps you should add the directory containing `QtNetwork.pc'
to the PKG_CONFIG_PATH environment variable
No package 'QtNetwork' found
configure:20758: $? = 1
configure:20771: result: no
No package 'QtCore' found
No package 'QtDBus' found
No package 'QtNetwork' found
configure:20911: checking for SYSTEMD_200
configure:20918: $PKG_CONFIG --exists --print-errors "systemd >= 200"
Package systemd was not found in the pkg-config search path.
Perhaps you should add the directory containing `systemd.pc'
to the PKG_CONFIG_PATH environment variable
No package 'systemd' found
configure:20921: $? = 1
configure:20934: $PKG_CONFIG --exists --print-errors "systemd >= 200"
Package systemd was not found in the pkg-config search path.
Perhaps you should add the directory containing `systemd.pc'
to the PKG_CONFIG_PATH environment variable
No package 'systemd' found
configure:20937: $? = 1
configure:20950: result: no
No package 'systemd' found
configure:20988: checking Session tracking support
configure:21128: result: consolekit
configure:21139: $PKG_CONFIG --exists --print-errors "libsystemd-login >= 183"
Package libsystemd-login was not found in the pkg-config search path.
Perhaps you should add the directory containing `libsystemd-login.pc'
to the PKG_CONFIG_PATH environment variable
No package 'libsystemd-login' found
configure:21142: $? = 1
configure:21276: checking for LIBNL
configure:21283: $PKG_CONFIG --exists --print-errors "libnl-3.0 >= 3.2.7 libnl-route-3.0 libnl-genl-3.0"
Requested 'libnl-3.0 >= 3.2.7' but version of libnl is 3.2.3
configure:21286: $? = 1
configure:21299: $PKG_CONFIG --exists --print-errors "libnl-3.0 >= 3.2.7 libnl-route-3.0 libnl-genl-3.0"
Requested 'libnl-3.0 >= 3.2.7' but version of libnl is 3.2.3
configure:21302: $? = 1
configure:21315: result: no
Requested 'libnl-3.0 >= 3.2.7' but version of libnl is 3.2.3
configure:21331: error: Package requirements (libnl-3.0 >= 3.2.7 libnl-route-3.0 libnl-genl-3.0) were not met:

Requested 'libnl-3.0 >= 3.2.7' but version of libnl is 3.2.3

Consider adjusting the PKG_CONFIG_PATH environment variable if you
installed software in a non-standard prefix.

Alternatively, you may set the environment variables LIBNL_CFLAGS
and LIBNL_LIBS to avoid the need to call pkg-config.
See the pkg-config man page for more details.

## ---------------- ##
## Cache variables. ##
## ---------------- ##

ac_cv_build=i686-pc-linux-gnu
ac_cv_c_bigendian=no
ac_cv_c_compiler_gnu=yes
ac_cv_cxx_compiler_gnu=yes
ac_cv_env_CCC_set=
ac_cv_env_CCC_value=
ac_cv_env_CC_set=
ac_cv_env_CC_value=
ac_cv_env_CFLAGS_set=
ac_cv_env_CFLAGS_value=
ac_cv_env_CPPFLAGS_set=
ac_cv_env_CPPFLAGS_value=
ac_cv_env_CPP_set=
ac_cv_env_CPP_value=
ac_cv_env_CXXCPP_set=
ac_cv_env_CXXCPP_value=
ac_cv_env_CXXFLAGS_set=
ac_cv_env_CXXFLAGS_value=
ac_cv_env_CXX_set=
ac_cv_env_CXX_value=
ac_cv_env_DBUS_CFLAGS_set=
ac_cv_env_DBUS_CFLAGS_value=
ac_cv_env_DBUS_LIBS_set=
ac_cv_env_DBUS_LIBS_value=
ac_cv_env_GLIB_CFLAGS_set=
ac_cv_env_GLIB_CFLAGS_value=
ac_cv_env_GLIB_LIBS_set=
ac_cv_env_GLIB_LIBS_value=
ac_cv_env_GNUTLS_CFLAGS_set=
ac_cv_env_GNUTLS_CFLAGS_value=
ac_cv_env_GNUTLS_LIBS_set=
ac_cv_env_GNUTLS_LIBS_value=
ac_cv_env_GTKDOC_DEPS_CFLAGS_set=
ac_cv_env_GTKDOC_DEPS_CFLAGS_value=
ac_cv_env_GTKDOC_DEPS_LIBS_set=
ac_cv_env_GTKDOC_DEPS_LIBS_value=
ac_cv_env_GUDEV_CFLAGS_set=
ac_cv_env_GUDEV_CFLAGS_value=
ac_cv_env_GUDEV_LIBS_set=
ac_cv_env_GUDEV_LIBS_value=
ac_cv_env_IWMX_SDK_CFLAGS_set=
ac_cv_env_IWMX_SDK_CFLAGS_value=
ac_cv_env_IWMX_SDK_LIBS_set=
ac_cv_env_IWMX_SDK_LIBS_value=
ac_cv_env_LDFLAGS_set=
ac_cv_env_LDFLAGS_value=
ac_cv_env_LIBNL_CFLAGS_set=
ac_cv_env_LIBNL_CFLAGS_value=
ac_cv_env_LIBNL_LIBS_set=
ac_cv_env_LIBNL_LIBS_value=
ac_cv_env_LIBSOUP_CFLAGS_set=
ac_cv_env_LIBSOUP_CFLAGS_value=
ac_cv_env_LIBSOUP_LIBS_set=
ac_cv_env_LIBSOUP_LIBS_value=
ac_cv_env_LIBS_set=
ac_cv_env_LIBS_value=
ac_cv_env_MM_GLIB_CFLAGS_set=
ac_cv_env_MM_GLIB_CFLAGS_value=
ac_cv_env_MM_GLIB_LIBS_set=
ac_cv_env_MM_GLIB_LIBS_value=
ac_cv_env_NSS_CFLAGS_set=
ac_cv_env_NSS_CFLAGS_value=
ac_cv_env_NSS_LIBS_set=
ac_cv_env_NSS_LIBS_value=
ac_cv_env_PKG_CONFIG_LIBDIR_set=
ac_cv_env_PKG_CONFIG_LIBDIR_value=
ac_cv_env_PKG_CONFIG_PATH_set=
ac_cv_env_PKG_CONFIG_PATH_value=
ac_cv_env_PKG_CONFIG_set=
ac_cv_env_PKG_CONFIG_value=
ac_cv_env_POLKIT_CFLAGS_set=
ac_cv_env_POLKIT_CFLAGS_value=
ac_cv_env_POLKIT_LIBS_set=
ac_cv_env_POLKIT_LIBS_value=
ac_cv_env_QT_CFLAGS_set=
ac_cv_env_QT_CFLAGS_value=
ac_cv_env_QT_LIBS_set=
ac_cv_env_QT_LIBS_value=
ac_cv_env_SYSTEMD_200_CFLAGS_set=
ac_cv_env_SYSTEMD_200_CFLAGS_value=
ac_cv_env_SYSTEMD_200_LIBS_set=
ac_cv_env_SYSTEMD_200_LIBS_value=
ac_cv_env_SYSTEMD_INHIBIT_CFLAGS_set=
ac_cv_env_SYSTEMD_INHIBIT_CFLAGS_value=
ac_cv_env_SYSTEMD_INHIBIT_LIBS_set=
ac_cv_env_SYSTEMD_INHIBIT_LIBS_value=
ac_cv_env_SYSTEMD_LOGIN_CFLAGS_set=
ac_cv_env_SYSTEMD_LOGIN_CFLAGS_value=
ac_cv_env_SYSTEMD_LOGIN_LIBS_set=
ac_cv_env_SYSTEMD_LOGIN_LIBS_value=
ac_cv_env_UUID_CFLAGS_set=
ac_cv_env_UUID_CFLAGS_value=
ac_cv_env_UUID_LIBS_set=
ac_cv_env_UUID_LIBS_value=
ac_cv_env_build_alias_set=
ac_cv_env_build_alias_value=
ac_cv_env_host_alias_set=
ac_cv_env_host_alias_value=
ac_cv_env_target_alias_set=
ac_cv_env_target_alias_value=
ac_cv_file__etc_SuSE_release=no
ac_cv_file__etc_debian_version=yes
ac_cv_file__etc_fedora_release=no
ac_cv_file__etc_gentoo_release=no
ac_cv_file__etc_mandriva_release=no
ac_cv_file__etc_redhat_release=no
ac_cv_func_memcmp_working=yes
ac_cv_func_select=yes
ac_cv_func_socket=yes
ac_cv_func_uname=yes
ac_cv_header_dlfcn_h=yes
ac_cv_header_fcntl_h=yes
ac_cv_header_inttypes_h=yes
ac_cv_header_memory_h=yes
ac_cv_header_minix_config_h=no
ac_cv_header_paths_h=yes
ac_cv_header_stdc=yes
ac_cv_header_stdint_h=yes
ac_cv_header_stdlib_h=yes
ac_cv_header_string_h=yes
ac_cv_header_strings_h=yes
ac_cv_header_sys_ioctl_h=yes
ac_cv_header_sys_stat_h=yes
ac_cv_header_sys_time_h=yes
ac_cv_header_sys_types_h=yes
ac_cv_header_syslog_h=yes
ac_cv_header_time=yes
ac_cv_header_unistd_h=yes
ac_cv_host=i686-pc-linux-gnu
ac_cv_lib_dl_dladdr=yes
ac_cv_lib_m_cos=yes
ac_cv_objext=o
ac_cv_path_EGREP='/bin/grep -E'
ac_cv_path_FGREP='/bin/grep -F'
ac_cv_path_GMSGFMT=/usr/bin/msgfmt
ac_cv_path_GREP=/bin/grep
ac_cv_path_INTLTOOL_EXTRACT=/usr/bin/intltool-extract
ac_cv_path_INTLTOOL_MERGE=/usr/bin/intltool-merge
ac_cv_path_INTLTOOL_PERL=/usr/bin/perl
ac_cv_path_INTLTOOL_UPDATE=/usr/bin/intltool-update
ac_cv_path_MSGFMT=/usr/bin/msgfmt
ac_cv_path_MSGMERGE=/usr/bin/msgmerge
ac_cv_path_SED=/bin/sed
ac_cv_path_XGETTEXT=/usr/bin/xgettext
ac_cv_path_ac_pt_PKG_CONFIG=/usr/bin/pkg-config
ac_cv_path_install='/usr/bin/install -c'
ac_cv_path_mkdir=/bin/mkdir
ac_cv_prog_AWK=mawk
ac_cv_prog_CPP='gcc -E'
ac_cv_prog_CXXCPP='g++ -E'
ac_cv_prog_ac_ct_AR=ar
ac_cv_prog_ac_ct_CC=gcc
ac_cv_prog_ac_ct_CXX=g++
ac_cv_prog_ac_ct_MANIFEST_TOOL=mt
ac_cv_prog_ac_ct_OBJDUMP=objdump
ac_cv_prog_ac_ct_RANLIB=ranlib
ac_cv_prog_ac_ct_STRIP=strip
ac_cv_prog_cc_c89=
ac_cv_prog_cc_g=yes
ac_cv_prog_cc_gcc_c_o=yes
ac_cv_prog_cxx_g=yes
ac_cv_prog_gcc_traditional=no
ac_cv_prog_make_make_set=yes
ac_cv_safe_to_define___extensions__=yes
ac_cv_type_mode_t=yes
ac_cv_type_pid_t=yes
acl_cv_hardcode_direct=no
acl_cv_hardcode_libdir_flag_spec='${wl}-rpath ${wl}$libdir'
acl_cv_hardcode_libdir_separator=
acl_cv_hardcode_minus_L=no
acl_cv_libext=a
acl_cv_libname_spec='lib$name'
acl_cv_library_names_spec='$libname$shrext'
acl_cv_path_LD=/usr/bin/ld
acl_cv_prog_gnu_ld=yes
acl_cv_rpath=done
acl_cv_shlibext=so
acl_cv_wl=-Wl,
am_cv_CC_dependencies_compiler_type=gcc3
am_cv_CXX_dependencies_compiler_type=gcc3
am_cv_make_support_nested_variables=yes
am_cv_prog_tar_ustar=gnutar
gt_cv_func_CFLocaleCopyCurrent=no
gt_cv_func_CFPreferencesCopyAppValue=no
gt_cv_func_gnugettext1_libc=yes
lt_cv_ar_at_file=@
lt_cv_archive_cmds_need_lc=no
lt_cv_deplibs_check_method=pass_all
lt_cv_file_magic_cmd='$MAGIC_CMD'
lt_cv_file_magic_test_file=
lt_cv_ld_reload_flag=-r
lt_cv_nm_interface='BSD nm'
lt_cv_objdir=.libs
lt_cv_path_LD=/usr/bin/ld
lt_cv_path_LDCXX=/usr/bin/ld
lt_cv_path_NM='/usr/bin/nm -B'
lt_cv_path_mainfest_tool=no
lt_cv_prog_compiler_c_o=yes
lt_cv_prog_compiler_c_o_CXX=yes
lt_cv_prog_compiler_pic='-fPIC -DPIC'
lt_cv_prog_compiler_pic_CXX='-fPIC -DPIC'
lt_cv_prog_compiler_pic_works=yes
lt_cv_prog_compiler_pic_works_CXX=yes
lt_cv_prog_compiler_rtti_exceptions=no
lt_cv_prog_compiler_static_works=yes
lt_cv_prog_compiler_static_works_CXX=yes
lt_cv_prog_gnu_ld=yes
lt_cv_prog_gnu_ldcxx=yes
lt_cv_sharedlib_from_linklib_cmd='printf %s\n'
lt_cv_shlibpath_overrides_runpath=no
lt_cv_sys_global_symbol_pipe='sed -n -e '\''s/^.*[	 ]\([ABCDGIRSTW][ABCDGIRSTW]*\)[	 ][	 ]*\([_A-Za-z][_A-Za-z0-9]*\)$/\1 \2 \2/p'\'' | sed '\''/ __gnu_lto/d'\'''
lt_cv_sys_global_symbol_to_c_name_address='sed -n -e '\''s/^: \([^ ]*\)[ ]*$/  {\"\1\", (void *) 0},/p'\'' -e '\''s/^[ABCDGIRSTW]* \([^ ]*\) \([^ ]*\)$/  {"\2", (void *) \&\2},/p'\'''
lt_cv_sys_global_symbol_to_c_name_address_lib_prefix='sed -n -e '\''s/^: \([^ ]*\)[ ]*$/  {\"\1\", (void *) 0},/p'\'' -e '\''s/^[ABCDGIRSTW]* \([^ ]*\) \(lib[^ ]*\)$/  {"\2", (void *) \&\2},/p'\'' -e '\''s/^[ABCDGIRSTW]* \([^ ]*\) \([^ ]*\)$/  {"lib\2", (void *) \&\2},/p'\'''
lt_cv_sys_global_symbol_to_cdecl='sed -n -e '\''s/^T .* \(.*\)$/extern int \1();/p'\'' -e '\''s/^[ABCDGIRSTW]* .* \(.*\)$/extern char \1;/p'\'''
lt_cv_sys_max_cmd_len=1572864
lt_cv_to_host_file_cmd=func_convert_file_noop
lt_cv_to_tool_file_cmd=func_convert_file_noop
pkg_cv_DBUS_CFLAGS='-I/usr/include/dbus-1.0 -I/usr/lib/i386-linux-gnu/dbus-1.0/include -I/usr/include/glib-2.0 -I/usr/lib/i386-linux-gnu/glib-2.0/include  '
pkg_cv_DBUS_LIBS='-ldbus-glib-1 -ldbus-1 -lpthread -lrt -lgobject-2.0 -lglib-2.0  '
pkg_cv_GLIB_CFLAGS='-pthread -I/usr/include/gio-unix-2.0/ -I/usr/include/glib-2.0 -I/usr/lib/i386-linux-gnu/glib-2.0/include  '
pkg_cv_GLIB_LIBS='-Wl,--export-dynamic -pthread -lgio-2.0 -lgobject-2.0 -lgmodule-2.0 -lrt -lglib-2.0  '
pkg_cv_GUDEV_CFLAGS='-I/usr/include/gudev-1.0 -I/usr/include/glib-2.0 -I/usr/lib/i386-linux-gnu/glib-2.0/include  '
pkg_cv_GUDEV_LIBS='-lgudev-1.0 -lgobject-2.0 -lglib-2.0  '

## ----------------- ##
## Output variables. ##
## ----------------- ##










	$(LCOV) $(code_coverage_quiet) --directory $(CODE_COVERAGE_DIRECTORY) --capture --output-file "$(CODE_COVERAGE_OUTPUT_FILE).tmp" --test-name "$(PACKAGE_NAME)-$(PACKAGE_VERSION)" --no-checksum --compat-libtool $(CODE_COVERAGE_LCOV_OPTIONS)
	$(LCOV) $(code_coverage_quiet) --directory $(CODE_COVERAGE_DIRECTORY) --remove "$(CODE_COVERAGE_OUTPUT_FILE).tmp" "/tmp/*" $(CODE_COVERAGE_IGNORE_PATTERN) --output-file "$(CODE_COVERAGE_OUTPUT_FILE)"
	$(MAKE) $(AM_MAKEFLAGS) code-coverage-capture
	-$(LCOV) --directory $(top_builddir) -z
	-$(MAKE) $(AM_MAKEFLAGS) -k check
	-@rm -f $(CODE_COVERAGE_OUTPUT_FILE).tmp
	-find . -name "*.gcda" -o -name "*.gcov" -delete
	-rm -rf $(CODE_COVERAGE_OUTPUT_FILE) $(CODE_COVERAGE_OUTPUT_FILE).tmp $(CODE_COVERAGE_OUTPUT_DIRECTORY)
	@echo "Need to reconfigure with --enable-code-coverage"
	@echo "Need to reconfigure with --enable-code-coverage"
	@echo "file://$(abs_builddir)/$(CODE_COVERAGE_OUTPUT_DIRECTORY)/index.html"
	LANG=C $(GENHTML) $(code_coverage_quiet) --prefix $(CODE_COVERAGE_DIRECTORY) --output-directory "$(CODE_COVERAGE_OUTPUT_DIRECTORY)" --title "$(PACKAGE_NAME)-$(PACKAGE_VERSION) Code Coverage" --legend --show-details "$(CODE_COVERAGE_OUTPUT_FILE)" $(CODE_COVERAGE_GENHTML_OPTIONS)
#
#
#    $(PACKAGE_NAME)-$(PACKAGE_VERSION)-coverage)
#    $(PACKAGE_NAME)-$(PACKAGE_VERSION)-coverage.info)
#    (Default: $(top_builddir))
#    (Default: empty)
#    by lcov for code coverage. (Default:
#    instance. (Default: empty)
#    reports to be created. (Default:
#  - CODE_COVERAGE_DIRECTORY: Top-level directory for code coverage reporting.
#  - CODE_COVERAGE_GENHTML_OPTIONS: Extra options to pass to the genhtml
#  - CODE_COVERAGE_IGNORE_PATTERN: Extra glob pattern of files to ignore
#  - CODE_COVERAGE_LCOV_OPTIONS: Extra options to pass to the lcov instance.
#  - CODE_COVERAGE_OUTPUT_DIRECTORY: Directory for generated code coverage
#  - CODE_COVERAGE_OUTPUT_FILE: Filename and path for the .info file generated
# $(PACKAGE_VERSION). In order to add the current git hash to the title,
# Capture code coverage data
# Code coverage
# Hook rule executed before code-coverage-capture, overridable by the user
# Optional variables
# Optional:
# The generated report will be titled using the $(PACKAGE_NAME) and
# Use recursive makes in order to ignore errors during check
# use the git-version-gen script, available online.
'
.PHONY: check-code-coverage code-coverage-capture code-coverage-capture-hook code-coverage-clean
ACLOCAL='${SHELL} /home/lexy/NetworkManager-0.9.8.2/build-aux/missing --run aclocal-1.11'
ALL_LINGUAS=''
AMDEPBACKSLASH='\'
AMDEP_FALSE='#'
AMDEP_TRUE=''
AMTAR='$${TAR-tar}'
AM_BACKSLASH='\'
AM_DEFAULT_V='$(AM_DEFAULT_VERBOSITY)'
AM_DEFAULT_VERBOSITY='0'
AM_V='$(V)'
AR='ar'
AUTOCONF='${SHELL} /home/lexy/NetworkManager-0.9.8.2/build-aux/missing --run autoconf'
AUTOHEADER='${SHELL} /home/lexy/NetworkManager-0.9.8.2/build-aux/missing --run autoheader'
AUTOMAKE='${SHELL} /home/lexy/NetworkManager-0.9.8.2/build-aux/missing --run automake-1.11'
AWK='mawk'
CC='gcc'
CCDEPMODE='depmode=gcc3'
CFLAGS='-g -O2'
CKDB_PATH='/var/run/ConsoleKit/database'
CODE_COVERAGE_CFLAGS=''
CODE_COVERAGE_DIRECTORY ?= $(top_builddir)
CODE_COVERAGE_ENABLED='no'
CODE_COVERAGE_ENABLED_FALSE=''
CODE_COVERAGE_ENABLED_TRUE='#'
CODE_COVERAGE_GENHTML_OPTIONS ?=
CODE_COVERAGE_IGNORE_PATTERN ?=
CODE_COVERAGE_LCOV_OPTIONS ?=
CODE_COVERAGE_LDFLAGS=''
CODE_COVERAGE_OUTPUT_DIRECTORY ?= $(PACKAGE_NAME)-$(PACKAGE_VERSION)-coverage
CODE_COVERAGE_OUTPUT_FILE ?= $(PACKAGE_NAME)-$(PACKAGE_VERSION)-coverage.info
CONFIG_PLUGIN_IFCFG_RH_FALSE=''
CONFIG_PLUGIN_IFCFG_RH_TRUE='#'
CONFIG_PLUGIN_IFCFG_SUSE_FALSE=''
CONFIG_PLUGIN_IFCFG_SUSE_TRUE='#'
CONFIG_PLUGIN_IFNET_FALSE=''
CONFIG_PLUGIN_IFNET_TRUE='#'
CONFIG_PLUGIN_IFUPDOWN_FALSE='#'
CONFIG_PLUGIN_IFUPDOWN_TRUE=''
CPP='gcc -E'
CPPFLAGS=''
CXX='g++'
CXXCPP='g++ -E'
CXXDEPMODE='depmode=gcc3'
CXXFLAGS='-g -O2'
CYGPATH_W='echo'
DATADIRNAME='share'
DBUS_CFLAGS='-I/usr/include/dbus-1.0 -I/usr/lib/i386-linux-gnu/dbus-1.0/include -I/usr/include/glib-2.0 -I/usr/lib/i386-linux-gnu/glib-2.0/include   -DGLIB_VERSION_MIN_REQUIRED=GLIB_VERSION_2_26 '\''-DGLIB_VERSION_MAX_ALLOWED=G_ENCODE_VERSION(2,34)'\'''
DBUS_LIBS='-ldbus-glib-1 -ldbus-1 -lpthread -lrt -lgobject-2.0 -lglib-2.0  '
DBUS_SYS_DIR=''
DEFS=''
DEPDIR='.deps'
DHCLIENT_PATH=''
DHCPCD_PATH=''
DISTCHECK_CONFIGURE_FLAGS += --disable-code-coverage
DISTCHECK_CONFIGURE_FLAGS ?=
DLLTOOL='false'
DSYMUTIL=''
DUMPBIN=''
ECHO_C=''
ECHO_N='-n'
ECHO_T=''
EGREP='/bin/grep -E'
ENABLE_GTK_DOC_FALSE=''
ENABLE_GTK_DOC_TRUE=''
ENABLE_TESTS_FALSE=''
ENABLE_TESTS_TRUE=''
ENABLE_VAPIGEN_FALSE=''
ENABLE_VAPIGEN_TRUE=''
EXEEXT=''
FGREP='/bin/grep -F'
GENHTML=''
GETTEXT_MACRO_VERSION='0.17'
GETTEXT_PACKAGE='NetworkManager'
GITIGNOREFILES += $(CODE_COVERAGE_OUTPUT_FILE) $(CODE_COVERAGE_OUTPUT_DIRECTORY)
GITIGNOREFILES ?=
GLIB_CFLAGS='-pthread -I/usr/include/gio-unix-2.0/ -I/usr/include/glib-2.0 -I/usr/lib/i386-linux-gnu/glib-2.0/include   -DGLIB_VERSION_MIN_REQUIRED=GLIB_VERSION_2_26 '\''-DGLIB_VERSION_MAX_ALLOWED=G_ENCODE_VERSION(2,34)'\'''
GLIB_GENMARSHAL=''
GLIB_LIBS='-Wl,--export-dynamic -pthread -lgio-2.0 -lgobject-2.0 -lgmodule-2.0 -lrt -lglib-2.0  '
GLIB_MAKEFILE=''
GLIB_MKENUMS=''
GMSGFMT='/usr/bin/msgfmt'
GMSGFMT_015='/usr/bin/msgfmt'
GNOME_CODE_COVERAGE_RULES='
GNUTLS_CFLAGS=''
GNUTLS_LIBS=''
GREP='/bin/grep'
GTKDOC_CHECK=''
GTKDOC_DEPS_CFLAGS=''
GTKDOC_DEPS_LIBS=''
GTKDOC_MKPDF=''
GTKDOC_REBASE=''
GTK_DOC_BUILD_HTML_FALSE=''
GTK_DOC_BUILD_HTML_TRUE=''
GTK_DOC_BUILD_PDF_FALSE=''
GTK_DOC_BUILD_PDF_TRUE=''
GTK_DOC_USE_LIBTOOL_FALSE=''
GTK_DOC_USE_LIBTOOL_TRUE=''
GTK_DOC_USE_REBASE_FALSE=''
GTK_DOC_USE_REBASE_TRUE=''
GUDEV_CFLAGS='-I/usr/include/gudev-1.0 -I/usr/include/glib-2.0 -I/usr/lib/i386-linux-gnu/glib-2.0/include  '
GUDEV_LIBS='-lgudev-1.0 -lgobject-2.0 -lglib-2.0  '
HAVE_INTROSPECTION_FALSE='#'
HAVE_INTROSPECTION_TRUE=''
HAVE_SYSTEMD_200_FALSE=''
HAVE_SYSTEMD_200_TRUE='#'
HAVE_SYSTEMD_FALSE=''
HAVE_SYSTEMD_TRUE='#'
HTML_DIR=''
INSTALL_DATA='${INSTALL} -m 644'
INSTALL_PREGEN_MANPAGES_FALSE=''
INSTALL_PREGEN_MANPAGES_TRUE=''
INSTALL_PROGRAM='${INSTALL}'
INSTALL_SCRIPT='${INSTALL}'
INSTALL_STRIP_PROGRAM='$(install_sh) -c -s'
INTLLIBS=''
INTLTOOL_CAVES_RULE='%.caves:     %.caves.in     $(INTLTOOL_MERGE) $(wildcard $(top_srcdir)/po/*.po) ; $(INTLTOOL_V_MERGE)LC_ALL=C $(INTLTOOL_MERGE) $(INTLTOOL_V_MERGE_OPTIONS) -d -u -c $(top_builddir)/po/.intltool-merge-cache $(top_srcdir)/po $< $@'
INTLTOOL_DESKTOP_RULE='%.desktop:   %.desktop.in   $(INTLTOOL_MERGE) $(wildcard $(top_srcdir)/po/*.po) ; $(INTLTOOL_V_MERGE)LC_ALL=C $(INTLTOOL_MERGE) $(INTLTOOL_V_MERGE_OPTIONS) -d -u -c $(top_builddir)/po/.intltool-merge-cache $(top_srcdir)/po $< $@'
INTLTOOL_DIRECTORY_RULE='%.directory: %.directory.in $(INTLTOOL_MERGE) $(wildcard $(top_srcdir)/po/*.po) ; $(INTLTOOL_V_MERGE)LC_ALL=C $(INTLTOOL_MERGE) $(INTLTOOL_V_MERGE_OPTIONS) -d -u -c $(top_builddir)/po/.intltool-merge-cache $(top_srcdir)/po $< $@'
INTLTOOL_EXTRACT='/usr/bin/intltool-extract'
INTLTOOL_KBD_RULE='%.kbd:       %.kbd.in       $(INTLTOOL_MERGE) $(wildcard $(top_srcdir)/po/*.po) ; $(INTLTOOL_V_MERGE)LC_ALL=C $(INTLTOOL_MERGE) $(INTLTOOL_V_MERGE_OPTIONS) -x -u -m -c $(top_builddir)/po/.intltool-merge-cache $(top_srcdir)/po $< $@'
INTLTOOL_KEYS_RULE='%.keys:      %.keys.in      $(INTLTOOL_MERGE) $(wildcard $(top_srcdir)/po/*.po) ; $(INTLTOOL_V_MERGE)LC_ALL=C $(INTLTOOL_MERGE) $(INTLTOOL_V_MERGE_OPTIONS) -k -u -c $(top_builddir)/po/.intltool-merge-cache $(top_srcdir)/po $< $@'
INTLTOOL_MERGE='/usr/bin/intltool-merge'
INTLTOOL_OAF_RULE='%.oaf:       %.oaf.in       $(INTLTOOL_MERGE) $(wildcard $(top_srcdir)/po/*.po) ; $(INTLTOOL_V_MERGE)LC_ALL=C $(INTLTOOL_MERGE) $(INTLTOOL_V_MERGE_OPTIONS) -o -p $(top_srcdir)/po $< $@'
INTLTOOL_PERL='/usr/bin/perl'
INTLTOOL_POLICY_RULE='%.policy:    %.policy.in    $(INTLTOOL_MERGE) $(wildcard $(top_srcdir)/po/*.po) ; $(INTLTOOL_V_MERGE)LC_ALL=C $(INTLTOOL_MERGE) $(INTLTOOL_V_MERGE_OPTIONS) -x -u -c $(top_builddir)/po/.intltool-merge-cache $(top_srcdir)/po $< $@'
INTLTOOL_PONG_RULE='%.pong:      %.pong.in      $(INTLTOOL_MERGE) $(wildcard $(top_srcdir)/po/*.po) ; $(INTLTOOL_V_MERGE)LC_ALL=C $(INTLTOOL_MERGE) $(INTLTOOL_V_MERGE_OPTIONS) -x -u -c $(top_builddir)/po/.intltool-merge-cache $(top_srcdir)/po $< $@'
INTLTOOL_PROP_RULE='%.prop:      %.prop.in      $(INTLTOOL_MERGE) $(wildcard $(top_srcdir)/po/*.po) ; $(INTLTOOL_V_MERGE)LC_ALL=C $(INTLTOOL_MERGE) $(INTLTOOL_V_MERGE_OPTIONS) -d -u -c $(top_builddir)/po/.intltool-merge-cache $(top_srcdir)/po $< $@'
INTLTOOL_SCHEMAS_RULE='%.schemas:   %.schemas.in   $(INTLTOOL_MERGE) $(wildcard $(top_srcdir)/po/*.po) ; $(INTLTOOL_V_MERGE)LC_ALL=C $(INTLTOOL_MERGE) $(INTLTOOL_V_MERGE_OPTIONS) -s -u -c $(top_builddir)/po/.intltool-merge-cache $(top_srcdir)/po $< $@'
INTLTOOL_SERVER_RULE='%.server:    %.server.in    $(INTLTOOL_MERGE) $(wildcard $(top_srcdir)/po/*.po) ; $(INTLTOOL_V_MERGE)LC_ALL=C $(INTLTOOL_MERGE) $(INTLTOOL_V_MERGE_OPTIONS) -o -u -c $(top_builddir)/po/.intltool-merge-cache $(top_srcdir)/po $< $@'
INTLTOOL_SERVICE_RULE='%.service: %.service.in   $(INTLTOOL_MERGE) $(wildcard $(top_srcdir)/po/*.po) ; $(INTLTOOL_V_MERGE)LC_ALL=C $(INTLTOOL_MERGE) $(INTLTOOL_V_MERGE_OPTIONS) -d -u -c $(top_builddir)/po/.intltool-merge-cache $(top_srcdir)/po $< $@'
INTLTOOL_SHEET_RULE='%.sheet:     %.sheet.in     $(INTLTOOL_MERGE) $(wildcard $(top_srcdir)/po/*.po) ; $(INTLTOOL_V_MERGE)LC_ALL=C $(INTLTOOL_MERGE) $(INTLTOOL_V_MERGE_OPTIONS) -x -u -c $(top_builddir)/po/.intltool-merge-cache $(top_srcdir)/po $< $@'
INTLTOOL_SOUNDLIST_RULE='%.soundlist: %.soundlist.in $(INTLTOOL_MERGE) $(wildcard $(top_srcdir)/po/*.po) ; $(INTLTOOL_V_MERGE)LC_ALL=C $(INTLTOOL_MERGE) $(INTLTOOL_V_MERGE_OPTIONS) -d -u -c $(top_builddir)/po/.intltool-merge-cache $(top_srcdir)/po $< $@'
INTLTOOL_THEME_RULE='%.theme:     %.theme.in     $(INTLTOOL_MERGE) $(wildcard $(top_srcdir)/po/*.po) ; $(INTLTOOL_V_MERGE)LC_ALL=C $(INTLTOOL_MERGE) $(INTLTOOL_V_MERGE_OPTIONS) -d -u -c $(top_builddir)/po/.intltool-merge-cache $(top_srcdir)/po $< $@'
INTLTOOL_UI_RULE='%.ui:        %.ui.in        $(INTLTOOL_MERGE) $(wildcard $(top_srcdir)/po/*.po) ; $(INTLTOOL_V_MERGE)LC_ALL=C $(INTLTOOL_MERGE) $(INTLTOOL_V_MERGE_OPTIONS) -x -u -c $(top_builddir)/po/.intltool-merge-cache $(top_srcdir)/po $< $@'
INTLTOOL_UPDATE='/usr/bin/intltool-update'
INTLTOOL_V_MERGE='$(INTLTOOL__v_MERGE_$(V))'
INTLTOOL_V_MERGE_OPTIONS='$(intltool__v_merge_options_$(V))'
INTLTOOL_XAM_RULE='%.xam:       %.xml.in       $(INTLTOOL_MERGE) $(wildcard $(top_srcdir)/po/*.po) ; $(INTLTOOL_V_MERGE)LC_ALL=C $(INTLTOOL_MERGE) $(INTLTOOL_V_MERGE_OPTIONS) -x -u -c $(top_builddir)/po/.intltool-merge-cache $(top_srcdir)/po $< $@'
INTLTOOL_XML_NOMERGE_RULE='%.xml:       %.xml.in       $(INTLTOOL_MERGE) ; $(INTLTOOL_V_MERGE)LC_ALL=C $(INTLTOOL_MERGE) $(INTLTOOL_V_MERGE_OPTIONS) -x -u --no-translations $< $@'
INTLTOOL_XML_RULE='%.xml:       %.xml.in       $(INTLTOOL_MERGE) $(wildcard $(top_srcdir)/po/*.po) ; $(INTLTOOL_V_MERGE)LC_ALL=C $(INTLTOOL_MERGE) $(INTLTOOL_V_MERGE_OPTIONS) -x -u -c $(top_builddir)/po/.intltool-merge-cache $(top_srcdir)/po $< $@'
INTLTOOL__v_MERGE_0='@echo "  ITMRG " $@;'
INTLTOOL__v_MERGE_='$(INTLTOOL__v_MERGE_$(AM_DEFAULT_VERBOSITY))'
INTL_MACOSX_LIBS=''
INTROSPECTION_CFLAGS='-pthread -I/usr/include/glib-2.0 -I/usr/lib/i386-linux-gnu/glib-2.0/include -I/usr/include/gobject-introspection-1.0  '
INTROSPECTION_COMPILER='/usr/bin/g-ir-compiler'
INTROSPECTION_GENERATE='/usr/bin/g-ir-generate'
INTROSPECTION_GIRDIR='/usr/share/gir-1.0'
INTROSPECTION_LIBS='-Wl,--export-dynamic -pthread -lgirepository-1.0 -lgobject-2.0 -lgmodule-2.0 -lgthread-2.0 -lrt -lffi -lglib-2.0  '
INTROSPECTION_MAKEFILE='/usr/share/gobject-introspection-1.0/Makefile.introspection'
INTROSPECTION_SCANNER='/usr/bin/g-ir-scanner'
INTROSPECTION_TYPELIBDIR='/usr/lib/girepository-1.0'
IPTABLES_PATH=''
IWMX_SDK_CFLAGS=''
IWMX_SDK_LIBS=''
KERNEL_FIRMWARE_DIR=''
LCOV=''
LD='/usr/bin/ld'
LDFLAGS=''
LIBDL='-ldl'
LIBGCRYPT_CFLAGS=''
LIBGCRYPT_CONFIG=''
LIBGCRYPT_LIBS=''
LIBICONV='-liconv'
LIBINTL=''
LIBM='-lm'
LIBNL_CFLAGS=''
LIBNL_LIBS=''
LIBOBJS=''
LIBS=''
LIBSOUP_CFLAGS=''
LIBSOUP_LIBS=''
LIBTOOL='$(SHELL) $(top_builddir)/libtool'
LIPO=''
LN_S='ln -s'
LTLIBICONV='-liconv'
LTLIBINTL=''
LTLIBOBJS=''
MAINT=''
MAINTAINER_MODE_FALSE='#'
MAINTAINER_MODE_TRUE=''
MAKEINFO='${SHELL} /home/lexy/NetworkManager-0.9.8.2/build-aux/missing --run makeinfo'
MANIFEST_TOOL=':'
MKDIR_P='/bin/mkdir -p'
MM_GLIB_CFLAGS=''
MM_GLIB_LIBS=''
MOC=''
MSGFMT='/usr/bin/msgfmt'
MSGFMT_015='/usr/bin/msgfmt'
MSGMERGE='/usr/bin/msgmerge'
NM='/usr/bin/nm -B'
NMEDIT=''
NM_MAJOR_VERSION='0'
NM_MICRO_VERSION='8'
NM_MINOR_VERSION='9'
NM_MODIFY_SYSTEM_POLICY=''
NM_VERSION='0.9.8.2'
NSS_CFLAGS=''
NSS_LIBS=''
OBJDUMP='objdump'
OBJEXT='o'
OTOOL64=''
OTOOL=''
PACKAGE='NetworkManager'
PACKAGE_BUGREPORT='http://bugzilla.gnome.org/enter_bug.cgi?product=NetworkManager'
PACKAGE_NAME='NetworkManager'
PACKAGE_STRING='NetworkManager 0.9.8.2'
PACKAGE_TARNAME='NetworkManager'
PACKAGE_URL=''
PACKAGE_VERSION='0.9.8.2'
PATH_SEPARATOR=':'
PKG_CONFIG='/usr/bin/pkg-config'
PKG_CONFIG_LIBDIR=''
PKG_CONFIG_PATH=''
POLKIT_CFLAGS=''
POLKIT_LIBS=''
POSUB='po'
PPPD_PLUGIN_DIR=''
QT_CFLAGS=''
QT_LIBS=''
RANLIB='ranlib'
RUN_ROOT_TESTS_FALSE=''
RUN_ROOT_TESTS_TRUE=''
SED='/bin/sed'
SESSION_TRACKING_CK_FALSE='#'
SESSION_TRACKING_CK_TRUE=''
SESSION_TRACKING_SYSTEMD_FALSE=''
SESSION_TRACKING_SYSTEMD_TRUE='#'
SET_MAKE=''
SHELL='/bin/bash'
STRIP='strip'
SUSPEND_RESUME_SYSTEMD_FALSE=''
SUSPEND_RESUME_SYSTEMD_TRUE='#'
SUSPEND_RESUME_UPOWER_FALSE='#'
SUSPEND_RESUME_UPOWER_TRUE=''
SYSTEMD_200_CFLAGS=''
SYSTEMD_200_LIBS=''
SYSTEMD_INHIBIT_CFLAGS=''
SYSTEMD_INHIBIT_LIBS=''
SYSTEMD_LOGIN_CFLAGS=''
SYSTEMD_LOGIN_LIBS=''
SYSTEM_CA_PATH=''
UDEV_BASE_DIR='/lib/udev'
USE_NLS='yes'
UUID_CFLAGS=''
UUID_LIBS=''
VAPIGEN=''
VAPIGEN_MAKEFILE=''
VAPIGEN_VAPIDIR=''
VERSION='0.9.8.2'
WITH_CONCHECK_FALSE=''
WITH_CONCHECK_TRUE=''
WITH_GNUTLS_FALSE=''
WITH_GNUTLS_TRUE=''
WITH_MODEM_MANAGER_1_FALSE=''
WITH_MODEM_MANAGER_1_TRUE=''
WITH_NSS_FALSE=''
WITH_NSS_TRUE=''
WITH_POLKIT_FALSE=''
WITH_POLKIT_TRUE=''
WITH_PPP_FALSE=''
WITH_PPP_TRUE=''
WITH_QT_FALSE=''
WITH_QT_TRUE='#'
WITH_WEXT_FALSE='#'
WITH_WEXT_TRUE=''
WITH_WIMAX_FALSE=''
WITH_WIMAX_TRUE=''
XGETTEXT='/usr/bin/xgettext'
XGETTEXT_015='/usr/bin/xgettext'
XGETTEXT_EXTRA_OPTIONS=''
ac_ct_AR='ar'
ac_ct_CC='gcc'
ac_ct_CXX='g++'
ac_ct_DUMPBIN=''
am__EXEEXT_FALSE=''
am__EXEEXT_TRUE=''
am__fastdepCC_FALSE='#'
am__fastdepCC_TRUE=''
am__fastdepCXX_FALSE='#'
am__fastdepCXX_TRUE=''
am__include='include'
am__isrc=''
am__leading_dot='.'
am__nodep='_no'
am__quote=''
am__tar='tar --format=ustar -chf - "$$tardir"'
am__untar='tar -xf -'
bindir='${exec_prefix}/bin'
build='i686-pc-linux-gnu'
build_alias=''
build_cpu='i686'
build_os='linux-gnu'
build_vendor='pc'
check-code-coverage:
clean: code-coverage-clean
code-coverage-capture-hook:
code-coverage-capture: code-coverage-capture-hook
code-coverage-clean:
code_coverage_quiet = $(code_coverage_quiet_$(V))
code_coverage_quiet_ = $(code_coverage_quiet_$(AM_DEFAULT_VERBOSITY))
code_coverage_quiet_0 = --quiet
datadir='${datarootdir}'
datarootdir='${prefix}/share'
docdir='${datarootdir}/doc/${PACKAGE_TARNAME}'
dvidir='${docdir}'
else
else
endif
endif
exec_prefix='NONE'
host='i686-pc-linux-gnu'
host_alias=''
host_cpu='i686'
host_os='linux-gnu'
host_vendor='pc'
htmldir='${docdir}'
ifdef CODE_COVERAGE_ENABLED
ifdef CODE_COVERAGE_ENABLED
includedir='${prefix}/include'
infodir='${datarootdir}/info'
install_sh='${SHELL} /home/lexy/NetworkManager-0.9.8.2/build-aux/install-sh'
intltool__v_merge_options_0='-q'
intltool__v_merge_options_='$(intltool__v_merge_options_$(AM_DEFAULT_VERBOSITY))'
libdir='${exec_prefix}/lib'
libexecdir='${exec_prefix}/libexec'
localedir='${datarootdir}/locale'
localstatedir='${prefix}/var'
mandir='${datarootdir}/man'
mkdir_p='/bin/mkdir -p'
nmbinary='${exec_prefix}/sbin/NetworkManager'
nmconfdir='${prefix}/etc/NetworkManager'
nmdatadir='${datarootdir}/NetworkManager'
nmrundir='${prefix}/var/run/NetworkManager'
nmstatedir='${prefix}/var/lib/NetworkManager'
oldincludedir='/usr/include'
pdfdir='${docdir}'
prefix='/home/lexy/test'
program_transform_name='s,x,x,'
psdir='${docdir}'
sbindir='${exec_prefix}/sbin'
sharedstatedir='${prefix}/com'
sysconfdir='${prefix}/etc'
systemdsystemunitdir=''
target_alias=''
with_dhclient=''
with_dhcpcd=''
with_netconfig=''
with_resolvconf=''

## ----------- ##
## confdefs.h. ##
## ----------- ##

/* confdefs.h */
#define PACKAGE_NAME "NetworkManager"
#define PACKAGE_TARNAME "NetworkManager"
#define PACKAGE_VERSION "0.9.8.2"
#define PACKAGE_STRING "NetworkManager 0.9.8.2"
#define PACKAGE_BUGREPORT "http://bugzilla.gnome.org/enter_bug.cgi?product=NetworkManager"
#define PACKAGE_URL ""
#define PACKAGE "NetworkManager"
#define VERSION "0.9.8.2"
#define STDC_HEADERS 1
#define HAVE_SYS_TYPES_H 1
#define HAVE_SYS_STAT_H 1
#define HAVE_STDLIB_H 1
#define HAVE_STRING_H 1
#define HAVE_MEMORY_H 1
#define HAVE_STRINGS_H 1
#define HAVE_INTTYPES_H 1
#define HAVE_STDINT_H 1
#define HAVE_UNISTD_H 1
#define __EXTENSIONS__ 1
#define _ALL_SOURCE 1
#define _GNU_SOURCE 1
#define _POSIX_PTHREAD_SEMANTICS 1
#define _TANDEM_SOURCE 1
#define HAVE_DLFCN_H 1
#define LT_OBJDIR ".libs/"
#define STDC_HEADERS 1
#define HAVE_FCNTL_H 1
#define HAVE_PATHS_H 1
#define HAVE_SYS_IOCTL_H 1
#define HAVE_SYS_TIME_H 1
#define HAVE_SYSLOG_H 1
#define HAVE_UNISTD_H 1
#define TIME_WITH_SYS_TIME 1
#define HAVE_SELECT 1
#define HAVE_SOCKET 1
#define HAVE_UNAME 1
#define ENABLE_NLS 1
#define HAVE_GETTEXT 1
#define HAVE_DCGETTEXT 1
#define GETTEXT_PACKAGE "NetworkManager"
#define HAVE_WEXT 1
#define HAVE_VLAN_FLAG_LOOSE_BINDING 1

configure: exit 1
